mmengine - INFO - 
------------------------------------------------------------
System environment:
    PyTorch: 2.4.1+cu124
  - CUDA Runtime 12.4
  - CuDNN 90.1
  - Build settings: BLAS_INFO=mkl, BUILD_TYPE=Release, CUDA_VERSION=12.4, CUDNN_VERSION=9.1.0, CXX_COMPILER=/opt/rh/devtoolset-9/root/usr/bin/c++, CXX_FLAGS= -D_GLIBCXX_USE_CXX11_ABI=0 -fabi-version=11 -fvisibility-inlines-hidden -DUSE_PTHREADPOOL -DNDEBUG -DUSE_KINETO -DLIBKINETO_NOROCTRACER -DUSE_FBGEMM -DUSE_PYTORCH_QNNPACK -DUSE_XNNPACK -DSYMBOLICATE_MOBILE_DEBUG_HANDLE -O2 -fPIC -Wall -Wextra -Werror=return-type -Werror=non-virtual-dtor -Werror=bool-operation -Wnarrowing -Wno-missing-field-initializers -Wno-type-limits -Wno-array-bounds -Wno-unknown-pragmas -Wno-unused-parameter -Wno-unused-function -Wno-unused-result -Wno-strict-overflow -Wno-strict-aliasing -Wno-stringop-overflow -Wsuggest-override -Wno-psabi -Wno-error=pedantic -Wno-error=old-style-cast -Wno-missing-braces -fdiagnostics-color=always -faligned-new -Wno-unused-but-set-variable -Wno-maybe-uninitialized -fno-math-errno -fno-trapping-math -Werror=format -Wno-stringop-overflow, LAPACK_INFO=mkl, PERF_WITH_AVX=1, PERF_WITH_AVX2=1, PERF_WITH_AVX512=1, TORCH_VERSION=2.4.1, USE_CUDA=ON, USE_CUDNN=ON, USE_CUSPARSELT=1, USE_EXCEPTION_PTR=1, USE_GFLAGS=OFF, USE_GLOG=OFF, USE_GLOO=ON, USE_MKL=ON, USE_MKLDNN=ON, USE_MPI=OFF, USE_NCCL=1, USE_NNPACK=ON, USE_OPENMP=ON, USE_ROCM=OFF, USE_ROCM_KERNEL_ASSERT=OFF, 
    TorchVision: 0.19.1+cu124
    OpenCV: 4.10.0
    MMEngine: 0.10.1

Runtime environment:
    cudnn_benchmark: False
    mp_cfg: {'mp_start_method': 'fork', 'opencv_num_threads': 0}
    dist_cfg: {'backend': 'nccl'}
    seed: 1506208868
    Distributed launcher: slurm
    Distributed training: True
    GPU number: 8
------------------------------------------------------------

mmengine - INFO - Config:
auto_scale_lr = dict(base_batch_size=16, enable=False)
backend_args = None
data_root = '/datasets/coco_2017/coco/'
dataset_type = 'CocoDataset'
default_hooks = dict(
    checkpoint=dict(interval=1, type='CheckpointHook'),
    logger=dict(interval=50, type='LoggerHook'),
    param_scheduler=dict(type='ParamSchedulerHook'),
    sampler_seed=dict(type='DistSamplerSeedHook'),
    timer=dict(type='IterTimerHook'),
    visualization=dict(type='DetVisualizationHook'))
default_scope = 'mmdet'
env_cfg = dict(
    cudnn_benchmark=False,
    dist_cfg=dict(backend='nccl'),
    mp_cfg=dict(mp_start_method='fork', opencv_num_threads=0))
launcher = 'slurm'
load_from = '/ckpts/cascade_mask_rcnn_mamba_vision_base_3x_coco.pth'
log_level = 'INFO'
log_processor = dict(by_epoch=True, type='LogProcessor', window_size=50)
max_epochs = 36
model = dict(
    backbone=dict(
        depth=50,
        depths=(
            3,
            3,
            10,
            5,
        ),
        dim=128,
        drop_path_rate=0.5,
        frozen_stages=1,
        in_dim=64,
        init_cfg=dict(checkpoint='torchvision://resnet50', type='Pretrained'),
        layer_scale=1e-05,
        mlp_ratio=4,
        norm_cfg=dict(requires_grad=True, type='BN'),
        norm_eval=True,
        norm_layer='ln2d',
        num_heads=(
            2,
            4,
            8,
            16,
        ),
        num_stages=4,
        out_indices=(
            0,
            1,
            2,
            3,
        ),
        pretrained=
        '/ckpts/mambavision_base_1k.pth.tar',
        style='pytorch',
        type='MM_mamba_vision',
        window_size=(
            8,
            8,
            112,
            56,
        )),
    data_preprocessor=dict(
        bgr_to_rgb=True,
        mean=[
            123.675,
            116.28,
            103.53,
        ],
        pad_mask=True,
        pad_size_divisor=32,
        std=[
            58.395,
            57.12,
            57.375,
        ],
        type='DetDataPreprocessor'),
    neck=dict(
        in_channels=[
            128,
            256,
            512,
            1024,
        ],
        num_outs=5,
        out_channels=256,
        type='FPN'),
    roi_head=dict(
        bbox_head=[
            dict(
                bbox_coder=dict(
                    target_means=[
                        0.0,
                        0.0,
                        0.0,
                        0.0,
                    ],
                    target_stds=[
                        0.1,
                        0.1,
                        0.2,
                        0.2,
                    ],
                    type='DeltaXYWHBBoxCoder'),
                conv_out_channels=256,
                fc_out_channels=1024,
                in_channels=256,
                loss_bbox=dict(loss_weight=10.0, type='GIoULoss'),
                loss_cls=dict(
                    loss_weight=1.0,
                    type='CrossEntropyLoss',
                    use_sigmoid=False),
                norm_cfg=dict(requires_grad=True, type='SyncBN'),
                num_classes=80,
                num_shared_convs=4,
                num_shared_fcs=1,
                reg_class_agnostic=False,
                reg_decoded_bbox=True,
                roi_feat_size=7,
                type='ConvFCBBoxHead'),
            dict(
                bbox_coder=dict(
                    target_means=[
                        0.0,
                        0.0,
                        0.0,
                        0.0,
                    ],
                    target_stds=[
                        0.05,
                        0.05,
                        0.1,
                        0.1,
                    ],
                    type='DeltaXYWHBBoxCoder'),
                conv_out_channels=256,
                fc_out_channels=1024,
                in_channels=256,
                loss_bbox=dict(loss_weight=10.0, type='GIoULoss'),
                loss_cls=dict(
                    loss_weight=1.0,
                    type='CrossEntropyLoss',
                    use_sigmoid=False),
                norm_cfg=dict(requires_grad=True, type='SyncBN'),
                num_classes=80,
                num_shared_convs=4,
                num_shared_fcs=1,
                reg_class_agnostic=False,
                reg_decoded_bbox=True,
                roi_feat_size=7,
                type='ConvFCBBoxHead'),
            dict(
                bbox_coder=dict(
                    target_means=[
                        0.0,
                        0.0,
                        0.0,
                        0.0,
                    ],
                    target_stds=[
                        0.033,
                        0.033,
                        0.067,
                        0.067,
                    ],
                    type='DeltaXYWHBBoxCoder'),
                conv_out_channels=256,
                fc_out_channels=1024,
                in_channels=256,
                loss_bbox=dict(loss_weight=10.0, type='GIoULoss'),
                loss_cls=dict(
                    loss_weight=1.0,
                    type='CrossEntropyLoss',
                    use_sigmoid=False),
                norm_cfg=dict(requires_grad=True, type='SyncBN'),
                num_classes=80,
                num_shared_convs=4,
                num_shared_fcs=1,
                reg_class_agnostic=False,
                reg_decoded_bbox=True,
                roi_feat_size=7,
                type='ConvFCBBoxHead'),
        ],
        bbox_roi_extractor=dict(
            featmap_strides=[
                4,
                8,
                16,
                32,
            ],
            out_channels=256,
            roi_layer=dict(output_size=7, sampling_ratio=0, type='RoIAlign'),
            type='SingleRoIExtractor'),
        mask_head=dict(
            conv_out_channels=256,
            in_channels=256,
            loss_mask=dict(
                loss_weight=1.0, type='CrossEntropyLoss', use_mask=True),
            num_classes=80,
            num_convs=4,
            type='FCNMaskHead'),
        mask_roi_extractor=dict(
            featmap_strides=[
                4,
                8,
                16,
                32,
            ],
            out_channels=256,
            roi_layer=dict(output_size=14, sampling_ratio=0, type='RoIAlign'),
            type='SingleRoIExtractor'),
        num_stages=3,
        stage_loss_weights=[
            1,
            0.5,
            0.25,
        ],
        type='CascadeRoIHead'),
    rpn_head=dict(
        anchor_generator=dict(
            ratios=[
                0.5,
                1.0,
                2.0,
            ],
            scales=[
                8,
            ],
            strides=[
                4,
                8,
                16,
                32,
                64,
            ],
            type='AnchorGenerator'),
        bbox_coder=dict(
            target_means=[
                0.0,
                0.0,
                0.0,
                0.0,
            ],
            target_stds=[
                1.0,
                1.0,
                1.0,
                1.0,
            ],
            type='DeltaXYWHBBoxCoder'),
        feat_channels=256,
        in_channels=256,
        loss_bbox=dict(
            beta=0.1111111111111111, loss_weight=1.0, type='SmoothL1Loss'),
        loss_cls=dict(
            loss_weight=1.0, type='CrossEntropyLoss', use_sigmoid=True),
        type='RPNHead'),
    test_cfg=dict(
        rcnn=dict(
            mask_thr_binary=0.5,
            max_per_img=100,
            nms=dict(iou_threshold=0.5, type='nms'),
            score_thr=0.05),
        rpn=dict(
            max_per_img=1000,
            min_bbox_size=0,
            nms=dict(iou_threshold=0.7, type='nms'),
            nms_pre=1000)),
    train_cfg=dict(
        rcnn=[
            dict(
                assigner=dict(
                    ignore_iof_thr=-1,
                    match_low_quality=False,
                    min_pos_iou=0.5,
                    neg_iou_thr=0.5,
                    pos_iou_thr=0.5,
                    type='MaxIoUAssigner'),
                debug=False,
                mask_size=28,
                pos_weight=-1,
                sampler=dict(
                    add_gt_as_proposals=True,
                    neg_pos_ub=-1,
                    num=512,
                    pos_fraction=0.25,
                    type='RandomSampler')),
            dict(
                assigner=dict(
                    ignore_iof_thr=-1,
                    match_low_quality=False,
                    min_pos_iou=0.6,
                    neg_iou_thr=0.6,
                    pos_iou_thr=0.6,
                    type='MaxIoUAssigner'),
                debug=False,
                mask_size=28,
                pos_weight=-1,
                sampler=dict(
                    add_gt_as_proposals=True,
                    neg_pos_ub=-1,
                    num=512,
                    pos_fraction=0.25,
                    type='RandomSampler')),
            dict(
                assigner=dict(
                    ignore_iof_thr=-1,
                    match_low_quality=False,
                    min_pos_iou=0.7,
                    neg_iou_thr=0.7,
                    pos_iou_thr=0.7,
                    type='MaxIoUAssigner'),
                debug=False,
                mask_size=28,
                pos_weight=-1,
                sampler=dict(
                    add_gt_as_proposals=True,
                    neg_pos_ub=-1,
                    num=512,
                    pos_fraction=0.25,
                    type='RandomSampler')),
        ],
        rpn=dict(
            allowed_border=0,
            assigner=dict(
                ignore_iof_thr=-1,
                match_low_quality=True,
                min_pos_iou=0.3,
                neg_iou_thr=0.3,
                pos_iou_thr=0.7,
                type='MaxIoUAssigner'),
            debug=False,
            pos_weight=-1,
            sampler=dict(
                add_gt_as_proposals=False,
                neg_pos_ub=-1,
                num=256,
                pos_fraction=0.5,
                type='RandomSampler')),
        rpn_proposal=dict(
            max_per_img=2000,
            min_bbox_size=0,
            nms=dict(iou_threshold=0.7, type='nms'),
            nms_pre=2000)),
    type='CascadeRCNN')
optim_wrapper = dict(
    optimizer=dict(
        betas=(
            0.9,
            0.999,
        ), lr=0.0002, type='AdamW', weight_decay=0.05),
    paramwise_cfg=dict(custom_keys=dict(norm=dict(decay_mult=0.0))),
    type='AmpOptimWrapper')
param_scheduler = [
    dict(
        begin=0, by_epoch=False, end=1000, start_factor=0.001,
        type='LinearLR'),
    dict(
        begin=0,
        by_epoch=True,
        end=36,
        gamma=0.1,
        milestones=[
            27,
            33,
        ],
        type='MultiStepLR'),
]
resume = False
test_cfg = dict(type='TestLoop')
test_dataloader = dict(
    batch_size=1,
    dataset=dict(
        ann_file='annotations/instances_val2017.json',
        backend_args=None,
        data_prefix=dict(img='val2017/'),
        data_root=
        '/lustre/fsw/portfolios/nvr/projects/nvr_lpr_nvgptvision/datasets/coco_2017/coco/',
        pipeline=[
            dict(backend_args=None, type='LoadImageFromFile'),
            dict(keep_ratio=True, scale=(
                1333,
                800,
            ), type='Resize'),
            dict(type='LoadAnnotations', with_bbox=True, with_mask=True),
            dict(
                meta_keys=(
                    'img_id',
                    'img_path',
                    'ori_shape',
                    'img_shape',
                    'scale_factor',
                ),
                type='PackDetInputs'),
        ],
        test_mode=True,
        type='CocoDataset'),
    drop_last=False,
    num_workers=2,
    persistent_workers=True,
    sampler=dict(shuffle=False, type='DefaultSampler'))
test_evaluator = dict(
    ann_file=
    '/datasets/coco_2017/coco/annotations/instances_val2017.json',
    backend_args=None,
    format_only=False,
    metric=[
        'bbox',
        'segm',
    ],
    type='CocoMetric')
test_pipeline = [
    dict(backend_args=None, type='LoadImageFromFile'),
    dict(keep_ratio=True, scale=(
        1333,
        800,
    ), type='Resize'),
    dict(type='LoadAnnotations', with_bbox=True, with_mask=True),
    dict(
        meta_keys=(
            'img_id',
            'img_path',
            'ori_shape',
            'img_shape',
            'scale_factor',
        ),
        type='PackDetInputs'),
]
train_cfg = dict(max_epochs=36, type='EpochBasedTrainLoop', val_interval=1)
train_dataloader = dict(
    batch_sampler=dict(type='AspectRatioBatchSampler'),
    batch_size=2,
    dataset=dict(
        ann_file='annotations/instances_train2017.json',
        backend_args=None,
        data_prefix=dict(img='train2017/'),
        data_root=
        '/datasets/coco_2017/coco/',
        filter_cfg=dict(filter_empty_gt=True, min_size=32),
        pipeline=[
            dict(backend_args=None, type='LoadImageFromFile'),
            dict(type='LoadAnnotations', with_bbox=True, with_mask=True),
            dict(prob=0.5, type='RandomFlip'),
            dict(
                transforms=[
                    [
                        dict(
                            keep_ratio=True,
                            scales=[
                                (
                                    480,
                                    1333,
                                ),
                                (
                                    512,
                                    1333,
                                ),
                                (
                                    544,
                                    1333,
                                ),
                                (
                                    576,
                                    1333,
                                ),
                                (
                                    608,
                                    1333,
                                ),
                                (
                                    640,
                                    1333,
                                ),
                                (
                                    672,
                                    1333,
                                ),
                                (
                                    704,
                                    1333,
                                ),
                                (
                                    736,
                                    1333,
                                ),
                                (
                                    768,
                                    1333,
                                ),
                                (
                                    800,
                                    1333,
                                ),
                            ],
                            type='RandomChoiceResize'),
                    ],
                    [
                        dict(
                            keep_ratio=True,
                            scales=[
                                (
                                    400,
                                    1333,
                                ),
                                (
                                    500,
                                    1333,
                                ),
                                (
                                    600,
                                    1333,
                                ),
                            ],
                            type='RandomChoiceResize'),
                        dict(
                            allow_negative_crop=True,
                            crop_size=(
                                384,
                                600,
                            ),
                            crop_type='absolute_range',
                            type='RandomCrop'),
                        dict(
                            keep_ratio=True,
                            scales=[
                                (
                                    480,
                                    1333,
                                ),
                                (
                                    512,
                                    1333,
                                ),
                                (
                                    544,
                                    1333,
                                ),
                                (
                                    576,
                                    1333,
                                ),
                                (
                                    608,
                                    1333,
                                ),
                                (
                                    640,
                                    1333,
                                ),
                                (
                                    672,
                                    1333,
                                ),
                                (
                                    704,
                                    1333,
                                ),
                                (
                                    736,
                                    1333,
                                ),
                                (
                                    768,
                                    1333,
                                ),
                                (
                                    800,
                                    1333,
                                ),
                            ],
                            type='RandomChoiceResize'),
                    ],
                ],
                type='RandomChoice'),
            dict(type='PackDetInputs'),
        ],
        type='CocoDataset'),
    num_workers=2,
    persistent_workers=True,
    sampler=dict(shuffle=True, type='DefaultSampler'))
train_pipeline = [
    dict(backend_args=None, type='LoadImageFromFile'),
    dict(type='LoadAnnotations', with_bbox=True, with_mask=True),
    dict(prob=0.5, type='RandomFlip'),
    dict(
        transforms=[
            [
                dict(
                    keep_ratio=True,
                    scales=[
                        (
                            480,
                            1333,
                        ),
                        (
                            512,
                            1333,
                        ),
                        (
                            544,
                            1333,
                        ),
                        (
                            576,
                            1333,
                        ),
                        (
                            608,
                            1333,
                        ),
                        (
                            640,
                            1333,
                        ),
                        (
                            672,
                            1333,
                        ),
                        (
                            704,
                            1333,
                        ),
                        (
                            736,
                            1333,
                        ),
                        (
                            768,
                            1333,
                        ),
                        (
                            800,
                            1333,
                        ),
                    ],
                    type='RandomChoiceResize'),
            ],
            [
                dict(
                    keep_ratio=True,
                    scales=[
                        (
                            400,
                            1333,
                        ),
                        (
                            500,
                            1333,
                        ),
                        (
                            600,
                            1333,
                        ),
                    ],
                    type='RandomChoiceResize'),
                dict(
                    allow_negative_crop=True,
                    crop_size=(
                        384,
                        600,
                    ),
                    crop_type='absolute_range',
                    type='RandomCrop'),
                dict(
                    keep_ratio=True,
                    scales=[
                        (
                            480,
                            1333,
                        ),
                        (
                            512,
                            1333,
                        ),
                        (
                            544,
                            1333,
                        ),
                        (
                            576,
                            1333,
                        ),
                        (
                            608,
                            1333,
                        ),
                        (
                            640,
                            1333,
                        ),
                        (
                            672,
                            1333,
                        ),
                        (
                            704,
                            1333,
                        ),
                        (
                            736,
                            1333,
                        ),
                        (
                            768,
                            1333,
                        ),
                        (
                            800,
                            1333,
                        ),
                    ],
                    type='RandomChoiceResize'),
            ],
        ],
        type='RandomChoice'),
    dict(type='PackDetInputs'),
]
val_cfg = dict(type='ValLoop')
val_dataloader = dict(
    batch_size=1,
    dataset=dict(
        ann_file='annotations/instances_val2017.json',
        backend_args=None,
        data_prefix=dict(img='val2017/'),
        data_root=
        '/datasets/coco_2017/coco/',
        pipeline=[
            dict(backend_args=None, type='LoadImageFromFile'),
            dict(keep_ratio=True, scale=(
                1333,
                800,
            ), type='Resize'),
            dict(type='LoadAnnotations', with_bbox=True, with_mask=True),
            dict(
                meta_keys=(
                    'img_id',
                    'img_path',
                    'ori_shape',
                    'img_shape',
                    'scale_factor',
                ),
                type='PackDetInputs'),
        ],
        test_mode=True,
        type='CocoDataset'),
    drop_last=False,
    num_workers=2,
    persistent_workers=True,
    sampler=dict(shuffle=False, type='DefaultSampler'))
val_evaluator = dict(
    ann_file=
    '/datasets/coco_2017/coco/annotations/instances_val2017.json',
    backend_args=None,
    format_only=False,
    metric=[
        'bbox',
        'segm',
    ],
    type='CocoMetric')
vis_backends = [
    dict(type='LocalVisBackend'),
]
visualizer = dict(
    name='visualizer',
    type='DetLocalVisualizer',
    vis_backends=[
        dict(type='LocalVisBackend'),
    ])
work_dir = './work_dirs/cascade_mask_rcnn_mamba_vision_base_3x_coco'

2025/06/07 14:59:49 - mmengine - INFO - Hooks will be executed in the following order:
before_run:
(VERY_HIGH   ) RuntimeInfoHook                    
(BELOW_NORMAL) LoggerHook                         
 -------------------- 
before_train:
(VERY_HIGH   ) RuntimeInfoHook                    
(NORMAL      ) IterTimerHook                      
(VERY_LOW    ) CheckpointHook                     
 -------------------- 
before_train_epoch:
(VERY_HIGH   ) RuntimeInfoHook                    
(NORMAL      ) IterTimerHook                      
(NORMAL      ) DistSamplerSeedHook                
 -------------------- 
before_train_iter:
(VERY_HIGH   ) RuntimeInfoHook                    
(NORMAL      ) IterTimerHook                      
 -------------------- 
after_train_iter:
(VERY_HIGH   ) RuntimeInfoHook                    
(NORMAL      ) IterTimerHook                      
(BELOW_NORMAL) LoggerHook                         
(LOW         ) ParamSchedulerHook                 
(VERY_LOW    ) CheckpointHook                     
 -------------------- 
after_train_epoch:
(NORMAL      ) IterTimerHook                      
(LOW         ) ParamSchedulerHook                 
(VERY_LOW    ) CheckpointHook                     
 -------------------- 
before_val:
(VERY_HIGH   ) RuntimeInfoHook                    
 -------------------- 
before_val_epoch:
(NORMAL      ) IterTimerHook                      
 -------------------- 
before_val_iter:
(NORMAL      ) IterTimerHook                      
 -------------------- 
after_val_iter:
(NORMAL      ) IterTimerHook                      
(NORMAL      ) DetVisualizationHook               
(BELOW_NORMAL) LoggerHook                         
 -------------------- 
after_val_epoch:
(VERY_HIGH   ) RuntimeInfoHook                    
(NORMAL      ) IterTimerHook                      
(BELOW_NORMAL) LoggerHook                         
(LOW         ) ParamSchedulerHook                 
(VERY_LOW    ) CheckpointHook                     
 -------------------- 
after_val:
(VERY_HIGH   ) RuntimeInfoHook                    
 -------------------- 
after_train:
(VERY_HIGH   ) RuntimeInfoHook                    
(VERY_LOW    ) CheckpointHook                     
 -------------------- 
before_test:
(VERY_HIGH   ) RuntimeInfoHook                    
 -------------------- 
before_test_epoch:
(NORMAL      ) IterTimerHook                      
 -------------------- 
before_test_iter:
(NORMAL      ) IterTimerHook                      
 -------------------- 
after_test_iter:
(NORMAL      ) IterTimerHook                      
(NORMAL      ) DetVisualizationHook               
(BELOW_NORMAL) LoggerHook                         
 -------------------- 
after_test_epoch:
(VERY_HIGH   ) RuntimeInfoHook                    
(NORMAL      ) IterTimerHook                      
(BELOW_NORMAL) LoggerHook                         
 -------------------- 
after_test:
(VERY_HIGH   ) RuntimeInfoHook                    
 -------------------- 
after_run:
(BELOW_NORMAL) LoggerHook                         
 -------------------- 
2025/06/07 15:00:09 - mmengine - INFO - Epoch(test) [ 50/625]    eta: 0:02:13  time: 0.2321  data_time: 0.0180  memory: 1780  
2025/06/07 15:00:19 - mmengine - INFO - Epoch(test) [100/625]    eta: 0:01:55  time: 0.2073  data_time: 0.0038  memory: 1747  
2025/06/07 15:00:29 - mmengine - INFO - Epoch(test) [150/625]    eta: 0:01:42  time: 0.2062  data_time: 0.0030  memory: 1733  
2025/06/07 15:00:40 - mmengine - INFO - Epoch(test) [200/625]    eta: 0:01:30  time: 0.2048  data_time: 0.0025  memory: 1747  
2025/06/07 15:00:50 - mmengine - INFO - Epoch(test) [250/625]    eta: 0:01:19  time: 0.2070  data_time: 0.0031  memory: 1746  
2025/06/07 15:01:00 - mmengine - INFO - Epoch(test) [300/625]    eta: 0:01:08  time: 0.2066  data_time: 0.0033  memory: 1779  
2025/06/07 15:01:11 - mmengine - INFO - Epoch(test) [350/625]    eta: 0:00:57  time: 0.2079  data_time: 0.0037  memory: 1746  
2025/06/07 15:01:21 - mmengine - INFO - Epoch(test) [400/625]    eta: 0:00:47  time: 0.2087  data_time: 0.0038  memory: 1719  
2025/06/07 15:01:31 - mmengine - INFO - Epoch(test) [450/625]    eta: 0:00:36  time: 0.2065  data_time: 0.0028  memory: 1572  
2025/06/07 15:01:42 - mmengine - INFO - Epoch(test) [500/625]    eta: 0:00:26  time: 0.2079  data_time: 0.0033  memory: 1678  
2025/06/07 15:01:52 - mmengine - INFO - Epoch(test) [550/625]    eta: 0:00:15  time: 0.2115  data_time: 0.0044  memory: 1779  
2025/06/07 15:02:03 - mmengine - INFO - Epoch(test) [600/625]    eta: 0:00:05  time: 0.2088  data_time: 0.0030  memory: 1779  
2025/06/07 15:02:12 - mmengine - INFO - Evaluating bbox...
2025/06/07 15:02:27 - mmengine - INFO - bbox_mAP_copypaste: 0.528 0.713 0.572 0.367 0.561 0.676
2025/06/07 15:02:27 - mmengine - INFO - Evaluating segm...
2025/06/07 15:02:45 - mmengine - INFO - segm_mAP_copypaste: 0.457 0.687 0.495 0.265 0.487 0.634
2025/06/07 15:02:45 - mmengine - INFO - Epoch(test) [625/625]    coco/bbox_mAP: 0.5280  coco/bbox_mAP_50: 0.7130  coco/bbox_mAP_75: 0.5720  coco/bbox_mAP_s: 0.3670  coco/bbox_mAP_m: 0.5610  coco/bbox_mAP_l: 0.6760  coco/segm_mAP: 0.4570  coco/segm_mAP_50: 0.6870  coco/segm_mAP_75: 0.4950  coco/segm_mAP_s: 0.2650  coco/segm_mAP_m: 0.4870  coco/segm_mAP_l: 0.6340  data_time: 0.0045  time: 0.2095
